TN:
SF:/Users/work/every/js/Page.js
FN:4,(anonymous_1)
FN:13,(anonymous_2)
FN:14,(anonymous_3)
FN:23,(anonymous_4)
FN:24,(anonymous_5)
FN:38,(anonymous_6)
FN:48,(anonymous_7)
FN:54,(anonymous_8)
FN:86,(anonymous_9)
FNF:9
FNH:9
FNDA:7,(anonymous_1)
FNDA:22,(anonymous_2)
FNDA:9,(anonymous_3)
FNDA:23,(anonymous_4)
FNDA:8,(anonymous_5)
FNDA:6,(anonymous_6)
FNDA:2,(anonymous_7)
FNDA:4,(anonymous_8)
FNDA:41,(anonymous_9)
DA:1,1
DA:2,1
DA:4,1
DA:5,7
DA:8,7
DA:10,7
DA:12,7
DA:13,22
DA:15,9
DA:16,9
DA:17,9
DA:22,7
DA:23,23
DA:25,8
DA:26,8
DA:27,8
DA:32,7
DA:41,7
DA:42,7
DA:44,7
DA:46,7
DA:48,7
DA:49,2
DA:50,2
DA:54,7
DA:55,4
DA:56,4
DA:57,1
DA:58,1
DA:59,1
DA:62,3
DA:63,3
DA:65,3
DA:66,3
DA:67,0
DA:71,4
DA:72,4
DA:73,4
DA:74,0
DA:75,0
DA:77,4
DA:78,0
DA:79,0
DA:82,4
DA:86,7
DA:87,41
DA:89,41
DA:90,37
DA:91,37
DA:94,4
DA:96,4
DA:97,0
DA:100,4
DA:102,4
DA:105,7
DA:107,7
DA:109,1
LF:57
LH:51
BRDA:56,1,0,1
BRDA:56,1,1,3
BRDA:66,2,0,0
BRDA:66,2,1,3
BRDA:73,3,0,0
BRDA:73,3,1,4
BRDA:77,4,0,0
BRDA:77,4,1,4
BRDA:89,5,0,37
BRDA:89,5,1,4
BRDA:89,6,0,41
BRDA:89,6,1,4
BRDA:96,7,0,0
BRDA:96,7,1,4
BRF:14
BRH:10
end_of_record
